<?xml version="1.0" encoding="UTF-8"?>
<!-- Generated by org.testng.reporters.JUnitReportReporter -->
<testsuite hostname="QSIH-00268" name="com.proware.tests.PlaceSelectionTest" tests="1" failures="0" timestamp="18 Jan 2016 17:12:16 GMT" time="18.787" errors="0">
  <testcase name="SourceSel" time="18.787" classname="com.proware.tests.PlaceSelectionTest"/>
</testsuite> <!-- com.proware.tests.PlaceSelectionTest -->
