<?xml version="1.0" encoding="UTF-8"?>
<!-- Generated by org.testng.reporters.JUnitReportReporter -->
<testsuite hostname="QSIH-00268" name="com.proware.tests.Launchtest" tests="1" failures="0" timestamp="18 Jan 2016 17:47:07 GMT" time="43.205" errors="0">
  <testcase name="test" time="43.205" classname="com.proware.tests.Launchtest"/>
</testsuite> <!-- com.proware.tests.Launchtest -->
